<?xml version="1.0" encoding="UTF-8"?>
<testng-results skipped="0" failed="0" total="1" passed="1">
  <reporter-output>
    <line>
      <![CDATA[==================================================]]>
    </line>
    <line>
      <![CDATA[Testcase Start Time : 1_6_18_AM]]>
    </line>
    <line>
      <![CDATA[==================================================]]>
    </line>
    <line>
      <![CDATA[==================================================]]>
    </line>
    <line>
      <![CDATA[Testcase End Time : 1_6_37_AM]]>
    </line>
    <line>
      <![CDATA[==================================================]]>
    </line>
    <line>
      <![CDATA[----------------------------------------------- BROWSER SERVICES DOESN'T CLOSE -----------------------------------------------]]>
    </line>
  </reporter-output>
  <suite name="Practise Automation" duration-ms="22655" started-at="2019-04-11T19:36:15Z" finished-at="2019-04-11T19:36:38Z">
    <groups>
      <group name="cucumber">
        <method signature="AbstractTestNGCucumberTests.feature(cucumber.api.testng.CucumberFeatureWrapper)[pri:0, instance:com.utility.cucumber.TestNGCukesRunner@3f49dace]" name="feature" class="cucumber.api.testng.AbstractTestNGCucumberTests"/>
      </group> <!-- cucumber -->
    </groups>
    <test name="TestNGCucumberRunner" duration-ms="22655" started-at="2019-04-11T19:36:15Z" finished-at="2019-04-11T19:36:38Z">
      <class name="com.utility.cucumber.TestNGCukesRunner">
        <test-method status="PASS" signature="setup()[pri:0, instance:com.utility.cucumber.TestNGCukesRunner@3f49dace]" name="setup" is-config="true" duration-ms="38" started-at="2019-04-12T01:06:15Z" finished-at="2019-04-12T01:06:15Z">
          <reporter-output>
          </reporter-output>
        </test-method> <!-- setup -->
        <test-method status="PASS" signature="beforeTest()[pri:0, instance:com.utility.cucumber.TestNGCukesRunner@3f49dace]" name="beforeTest" is-config="true" duration-ms="4237" started-at="2019-04-12T01:06:15Z" finished-at="2019-04-12T01:06:19Z">
          <reporter-output>
            <line>
              <![CDATA[==================================================]]>
            </line>
            <line>
              <![CDATA[Testcase Start Time : 1_6_18_AM]]>
            </line>
            <line>
              <![CDATA[==================================================]]>
            </line>
          </reporter-output>
        </test-method> <!-- beforeTest -->
        <test-method status="PASS" signature="setUpClass()[pri:0, instance:com.utility.cucumber.TestNGCukesRunner@3f49dace]" name="setUpClass" is-config="true" duration-ms="320" started-at="2019-04-12T01:06:19Z" finished-at="2019-04-12T01:06:20Z">
          <reporter-output>
          </reporter-output>
        </test-method> <!-- setUpClass -->
        <test-method status="PASS" signature="feature(cucumber.api.testng.CucumberFeatureWrapper)[pri:0, instance:com.utility.cucumber.TestNGCukesRunner@3f49dace]" name="feature" duration-ms="16592" started-at="2019-04-12T01:06:20Z" description="Runs Cucumber Feature" data-provider="features" finished-at="2019-04-12T01:06:36Z">
          <params>
            <param index="0">
              <value>
                <![CDATA[Asto Login Scenarios]]>
              </value>
            </param>
          </params>
          <reporter-output>
          </reporter-output>
        </test-method> <!-- feature -->
        <test-method status="PASS" signature="tearDownClass()[pri:0, instance:com.utility.cucumber.TestNGCukesRunner@3f49dace]" name="tearDownClass" is-config="true" duration-ms="356" started-at="2019-04-12T01:06:36Z" finished-at="2019-04-12T01:06:37Z">
          <reporter-output>
          </reporter-output>
        </test-method> <!-- tearDownClass -->
        <test-method status="PASS" signature="afterTest()[pri:0, instance:com.utility.cucumber.TestNGCukesRunner@3f49dace]" name="afterTest" is-config="true" duration-ms="1048" started-at="2019-04-12T01:06:37Z" finished-at="2019-04-12T01:06:38Z">
          <reporter-output>
            <line>
              <![CDATA[==================================================]]>
            </line>
            <line>
              <![CDATA[Testcase End Time : 1_6_37_AM]]>
            </line>
            <line>
              <![CDATA[==================================================]]>
            </line>
            <line>
              <![CDATA[----------------------------------------------- BROWSER SERVICES DOESN'T CLOSE -----------------------------------------------]]>
            </line>
          </reporter-output>
        </test-method> <!-- afterTest -->
        <test-method status="PASS" signature="tearDown()[pri:0, instance:com.utility.cucumber.TestNGCukesRunner@3f49dace]" name="tearDown" is-config="true" duration-ms="113" started-at="2019-04-12T01:06:38Z" finished-at="2019-04-12T01:06:38Z">
          <reporter-output>
          </reporter-output>
        </test-method> <!-- tearDown -->
      </class> <!-- com.utility.cucumber.TestNGCukesRunner -->
    </test> <!-- TestNGCucumberRunner -->
  </suite> <!-- Practise Automation -->
</testng-results>
